<?xml version="1.0" encoding="UTF-8"?>
<!-- Generated by org.testng.reporters.JUnitReportReporter -->
<testsuite name="homePage.TC001_VerifyLoginWithInvalidCredentials" tests="1" time="5.652" ignored="0" failures="0" timestamp="23 Aug 2017 19:41:07 GMT" skipped="0" hostname="Rahuls-MacBook-Pro.local" errors="0">
  <testcase name="verifyLoginWithInvalidCredentials" time="5.652" classname="homePage.TC001_VerifyLoginWithInvalidCredentials"/>
</testsuite> <!-- homePage.TC001_VerifyLoginWithInvalidCredentials -->
