<?xml version="1.0" encoding="UTF-8"?>
<!-- Generated by org.testng.reporters.JUnitReportReporter -->
<testsuite name="homePage.TC004_Testing" tests="1" time="0.002" ignored="2" failures="0" timestamp="23 Aug 2017 23:15:31 GMT" skipped="0" hostname="Rahuls-MacBook-Pro.local" errors="0">
  <testcase name="Login" time="0.002" classname="homePage.TC004_Testing"/>
  <testcase name="testLogin" classname="homePage.TC02_VerifyRegistration">
    <skipped/>
  </testcase> <!-- testLogin -->
  <testcase name="verifyLoginWithInvalidCredentials" classname="homePage.TC001_VerifyLoginWithInvalidCredentials">
    <skipped/>
  </testcase> <!-- verifyLoginWithInvalidCredentials -->
</testsuite> <!-- homePage.TC004_Testing -->
