<?xml version="1.0" encoding="UTF-8"?>
<!-- Generated by org.testng.reporters.JUnitReportReporter -->
<testsuite name="homePage.TC02_VerifyRegistration" tests="1" time="0.008" ignored="0" failures="0" timestamp="23 Aug 2017 19:41:07 GMT" skipped="0" hostname="Rahuls-MacBook-Pro.local" errors="0">
  <testcase name="testLogin" time="0.008" classname="homePage.TC02_VerifyRegistration"/>
</testsuite> <!-- homePage.TC02_VerifyRegistration -->
